<?xml version="1.0" encoding="UTF-8"?>
<testsuite xmlns:xsi="http://www.w3.org/2001/XMLSchema-instance" xsi:noNamespaceSchemaLocation="https://maven.apache.org/surefire/maven-surefire-plugin/xsd/surefire-test-report.xsd" name="com.baidu.supermarket.TestOrderMapper" time="0.058" tests="1" errors="0" skipped="0" failures="0">
  <properties>
    <property name="java.specification.version" value="17"/>
    <property name="sun.cpu.isalist" value="amd64"/>
    <property name="sun.jnu.encoding" value="GBK"/>
    <property name="java.class.path" value="D:\Workspace\springboot\supermarket\target\test-classes;D:\Workspace\springboot\supermarket\target\classes;d:\Workspace\repository\org\springframework\boot\spring-boot-starter-jdbc\2.7.0\spring-boot-starter-jdbc-2.7.0.jar;d:\Workspace\repository\org\springframework\boot\spring-boot-starter\2.7.0\spring-boot-starter-2.7.0.jar;d:\Workspace\repository\org\springframework\boot\spring-boot\2.7.0\spring-boot-2.7.0.jar;d:\Workspace\repository\org\springframework\boot\spring-boot-autoconfigure\2.7.0\spring-boot-autoconfigure-2.7.0.jar;d:\Workspace\repository\org\springframework\boot\spring-boot-starter-logging\2.7.0\spring-boot-starter-logging-2.7.0.jar;d:\Workspace\repository\ch\qos\logback\logback-classic\1.2.11\logback-classic-1.2.11.jar;d:\Workspace\repository\ch\qos\logback\logback-core\1.2.11\logback-core-1.2.11.jar;d:\Workspace\repository\org\apache\logging\log4j\log4j-to-slf4j\2.17.2\log4j-to-slf4j-2.17.2.jar;d:\Workspace\repository\jakarta\annotation\jakarta.annotation-api\1.3.5\jakarta.annotation-api-1.3.5.jar;d:\Workspace\repository\org\yaml\snakeyaml\1.30\snakeyaml-1.30.jar;d:\Workspace\repository\com\zaxxer\HikariCP\4.0.3\HikariCP-4.0.3.jar;d:\Workspace\repository\org\slf4j\slf4j-api\1.7.36\slf4j-api-1.7.36.jar;d:\Workspace\repository\org\springframework\spring-jdbc\5.3.20\spring-jdbc-5.3.20.jar;d:\Workspace\repository\org\springframework\spring-beans\5.3.20\spring-beans-5.3.20.jar;d:\Workspace\repository\org\springframework\spring-tx\5.3.20\spring-tx-5.3.20.jar;d:\Workspace\repository\org\springframework\boot\spring-boot-starter-thymeleaf\2.7.0\spring-boot-starter-thymeleaf-2.7.0.jar;d:\Workspace\repository\org\thymeleaf\thymeleaf-spring5\3.0.15.RELEASE\thymeleaf-spring5-3.0.15.RELEASE.jar;d:\Workspace\repository\org\thymeleaf\thymeleaf\3.0.15.RELEASE\thymeleaf-3.0.15.RELEASE.jar;d:\Workspace\repository\org\attoparser\attoparser\2.0.5.RELEASE\attoparser-2.0.5.RELEASE.jar;d:\Workspace\repository\org\unbescape\unbescape\1.1.6.RELEASE\unbescape-1.1.6.RELEASE.jar;d:\Workspace\repository\org\thymeleaf\extras\thymeleaf-extras-java8time\3.0.4.RELEASE\thymeleaf-extras-java8time-3.0.4.RELEASE.jar;d:\Workspace\repository\org\springframework\boot\spring-boot-starter-web\2.7.0\spring-boot-starter-web-2.7.0.jar;d:\Workspace\repository\org\springframework\boot\spring-boot-starter-json\2.7.0\spring-boot-starter-json-2.7.0.jar;d:\Workspace\repository\com\fasterxml\jackson\core\jackson-databind\2.13.3\jackson-databind-2.13.3.jar;d:\Workspace\repository\com\fasterxml\jackson\core\jackson-annotations\2.13.3\jackson-annotations-2.13.3.jar;d:\Workspace\repository\com\fasterxml\jackson\core\jackson-core\2.13.3\jackson-core-2.13.3.jar;d:\Workspace\repository\com\fasterxml\jackson\datatype\jackson-datatype-jdk8\2.13.3\jackson-datatype-jdk8-2.13.3.jar;d:\Workspace\repository\com\fasterxml\jackson\datatype\jackson-datatype-jsr310\2.13.3\jackson-datatype-jsr310-2.13.3.jar;d:\Workspace\repository\com\fasterxml\jackson\module\jackson-module-parameter-names\2.13.3\jackson-module-parameter-names-2.13.3.jar;d:\Workspace\repository\org\springframework\boot\spring-boot-starter-tomcat\2.7.0\spring-boot-starter-tomcat-2.7.0.jar;d:\Workspace\repository\org\apache\tomcat\embed\tomcat-embed-core\9.0.63\tomcat-embed-core-9.0.63.jar;d:\Workspace\repository\org\apache\tomcat\embed\tomcat-embed-el\9.0.63\tomcat-embed-el-9.0.63.jar;d:\Workspace\repository\org\apache\tomcat\embed\tomcat-embed-websocket\9.0.63\tomcat-embed-websocket-9.0.63.jar;d:\Workspace\repository\org\springframework\spring-web\5.3.20\spring-web-5.3.20.jar;d:\Workspace\repository\org\springframework\spring-webmvc\5.3.20\spring-webmvc-5.3.20.jar;d:\Workspace\repository\org\springframework\spring-aop\5.3.20\spring-aop-5.3.20.jar;d:\Workspace\repository\org\springframework\spring-context\5.3.20\spring-context-5.3.20.jar;d:\Workspace\repository\org\springframework\spring-expression\5.3.20\spring-expression-5.3.20.jar;d:\Workspace\repository\org\mybatis\spring\boot\mybatis-spring-boot-starter\2.2.2\mybatis-spring-boot-starter-2.2.2.jar;d:\Workspace\repository\org\mybatis\spring\boot\mybatis-spring-boot-autoconfigure\2.2.2\mybatis-spring-boot-autoconfigure-2.2.2.jar;d:\Workspace\repository\org\mybatis\mybatis\3.5.9\mybatis-3.5.9.jar;d:\Workspace\repository\org\mybatis\mybatis-spring\2.0.7\mybatis-spring-2.0.7.jar;d:\Workspace\repository\mysql\mysql-connector-java\8.0.29\mysql-connector-java-8.0.29.jar;d:\Workspace\repository\com\alibaba\druid\1.1.6\druid-1.1.6.jar;d:\Workspace\repository\org\projectlombok\lombok\1.18.24\lombok-1.18.24.jar;d:\Workspace\repository\org\springframework\boot\spring-boot-starter-log4j2\2.7.0\spring-boot-starter-log4j2-2.7.0.jar;d:\Workspace\repository\org\apache\logging\log4j\log4j-slf4j-impl\2.17.2\log4j-slf4j-impl-2.17.2.jar;d:\Workspace\repository\org\apache\logging\log4j\log4j-api\2.17.2\log4j-api-2.17.2.jar;d:\Workspace\repository\org\apache\logging\log4j\log4j-core\2.17.2\log4j-core-2.17.2.jar;d:\Workspace\repository\org\apache\logging\log4j\log4j-jul\2.17.2\log4j-jul-2.17.2.jar;d:\Workspace\repository\org\slf4j\jul-to-slf4j\1.7.36\jul-to-slf4j-1.7.36.jar;d:\Workspace\repository\org\springframework\boot\spring-boot-starter-test\2.7.0\spring-boot-starter-test-2.7.0.jar;d:\Workspace\repository\org\springframework\boot\spring-boot-test\2.7.0\spring-boot-test-2.7.0.jar;d:\Workspace\repository\org\springframework\boot\spring-boot-test-autoconfigure\2.7.0\spring-boot-test-autoconfigure-2.7.0.jar;d:\Workspace\repository\com\jayway\jsonpath\json-path\2.7.0\json-path-2.7.0.jar;d:\Workspace\repository\net\minidev\json-smart\2.4.8\json-smart-2.4.8.jar;d:\Workspace\repository\net\minidev\accessors-smart\2.4.8\accessors-smart-2.4.8.jar;d:\Workspace\repository\org\ow2\asm\asm\9.1\asm-9.1.jar;d:\Workspace\repository\jakarta\xml\bind\jakarta.xml.bind-api\2.3.3\jakarta.xml.bind-api-2.3.3.jar;d:\Workspace\repository\jakarta\activation\jakarta.activation-api\1.2.2\jakarta.activation-api-1.2.2.jar;d:\Workspace\repository\org\assertj\assertj-core\3.22.0\assertj-core-3.22.0.jar;d:\Workspace\repository\org\hamcrest\hamcrest\2.2\hamcrest-2.2.jar;d:\Workspace\repository\org\junit\jupiter\junit-jupiter\5.8.2\junit-jupiter-5.8.2.jar;d:\Workspace\repository\org\junit\jupiter\junit-jupiter-api\5.8.2\junit-jupiter-api-5.8.2.jar;d:\Workspace\repository\org\opentest4j\opentest4j\1.2.0\opentest4j-1.2.0.jar;d:\Workspace\repository\org\junit\platform\junit-platform-commons\1.8.2\junit-platform-commons-1.8.2.jar;d:\Workspace\repository\org\apiguardian\apiguardian-api\1.1.2\apiguardian-api-1.1.2.jar;d:\Workspace\repository\org\junit\jupiter\junit-jupiter-params\5.8.2\junit-jupiter-params-5.8.2.jar;d:\Workspace\repository\org\junit\jupiter\junit-jupiter-engine\5.8.2\junit-jupiter-engine-5.8.2.jar;d:\Workspace\repository\org\junit\platform\junit-platform-engine\1.8.2\junit-platform-engine-1.8.2.jar;d:\Workspace\repository\org\mockito\mockito-core\4.5.1\mockito-core-4.5.1.jar;d:\Workspace\repository\net\bytebuddy\byte-buddy\1.12.10\byte-buddy-1.12.10.jar;d:\Workspace\repository\net\bytebuddy\byte-buddy-agent\1.12.10\byte-buddy-agent-1.12.10.jar;d:\Workspace\repository\org\objenesis\objenesis\3.2\objenesis-3.2.jar;d:\Workspace\repository\org\mockito\mockito-junit-jupiter\4.5.1\mockito-junit-jupiter-4.5.1.jar;d:\Workspace\repository\org\skyscreamer\jsonassert\1.5.0\jsonassert-1.5.0.jar;d:\Workspace\repository\com\vaadin\external\google\android-json\0.0.20131108.vaadin1\android-json-0.0.20131108.vaadin1.jar;d:\Workspace\repository\org\springframework\spring-core\5.3.20\spring-core-5.3.20.jar;d:\Workspace\repository\org\springframework\spring-jcl\5.3.20\spring-jcl-5.3.20.jar;d:\Workspace\repository\org\springframework\spring-test\5.3.20\spring-test-5.3.20.jar;d:\Workspace\repository\org\xmlunit\xmlunit-core\2.9.0\xmlunit-core-2.9.0.jar;"/>
    <property name="java.vm.vendor" value="Amazon.com Inc."/>
    <property name="sun.arch.data.model" value="64"/>
    <property name="user.variant" value=""/>
    <property name="java.vendor.url" value="https://aws.amazon.com/corretto/"/>
    <property name="user.timezone" value="Asia/Shanghai"/>
    <property name="os.name" value="Windows 11"/>
    <property name="java.vm.specification.version" value="17"/>
    <property name="sun.java.launcher" value="SUN_STANDARD"/>
    <property name="user.country" value="CN"/>
    <property name="sun.boot.library.path" value="D:\Work\Java\JDK\bin"/>
    <property name="sun.java.command" value="C:\Users\ljh\AppData\Local\Temp\surefire12095326976249514989\surefirebooter4418865476608545536.jar C:\Users\ljh\AppData\Local\Temp\surefire12095326976249514989 2024-05-29T00-21-45_870-jvmRun1 surefire15213724943966301598tmp surefire_013618046724310249061tmp"/>
    <property name="jdk.debug" value="release"/>
    <property name="surefire.test.class.path" value="D:\Workspace\springboot\supermarket\target\test-classes;D:\Workspace\springboot\supermarket\target\classes;d:\Workspace\repository\org\springframework\boot\spring-boot-starter-jdbc\2.7.0\spring-boot-starter-jdbc-2.7.0.jar;d:\Workspace\repository\org\springframework\boot\spring-boot-starter\2.7.0\spring-boot-starter-2.7.0.jar;d:\Workspace\repository\org\springframework\boot\spring-boot\2.7.0\spring-boot-2.7.0.jar;d:\Workspace\repository\org\springframework\boot\spring-boot-autoconfigure\2.7.0\spring-boot-autoconfigure-2.7.0.jar;d:\Workspace\repository\org\springframework\boot\spring-boot-starter-logging\2.7.0\spring-boot-starter-logging-2.7.0.jar;d:\Workspace\repository\ch\qos\logback\logback-classic\1.2.11\logback-classic-1.2.11.jar;d:\Workspace\repository\ch\qos\logback\logback-core\1.2.11\logback-core-1.2.11.jar;d:\Workspace\repository\org\apache\logging\log4j\log4j-to-slf4j\2.17.2\log4j-to-slf4j-2.17.2.jar;d:\Workspace\repository\jakarta\annotation\jakarta.annotation-api\1.3.5\jakarta.annotation-api-1.3.5.jar;d:\Workspace\repository\org\yaml\snakeyaml\1.30\snakeyaml-1.30.jar;d:\Workspace\repository\com\zaxxer\HikariCP\4.0.3\HikariCP-4.0.3.jar;d:\Workspace\repository\org\slf4j\slf4j-api\1.7.36\slf4j-api-1.7.36.jar;d:\Workspace\repository\org\springframework\spring-jdbc\5.3.20\spring-jdbc-5.3.20.jar;d:\Workspace\repository\org\springframework\spring-beans\5.3.20\spring-beans-5.3.20.jar;d:\Workspace\repository\org\springframework\spring-tx\5.3.20\spring-tx-5.3.20.jar;d:\Workspace\repository\org\springframework\boot\spring-boot-starter-thymeleaf\2.7.0\spring-boot-starter-thymeleaf-2.7.0.jar;d:\Workspace\repository\org\thymeleaf\thymeleaf-spring5\3.0.15.RELEASE\thymeleaf-spring5-3.0.15.RELEASE.jar;d:\Workspace\repository\org\thymeleaf\thymeleaf\3.0.15.RELEASE\thymeleaf-3.0.15.RELEASE.jar;d:\Workspace\repository\org\attoparser\attoparser\2.0.5.RELEASE\attoparser-2.0.5.RELEASE.jar;d:\Workspace\repository\org\unbescape\unbescape\1.1.6.RELEASE\unbescape-1.1.6.RELEASE.jar;d:\Workspace\repository\org\thymeleaf\extras\thymeleaf-extras-java8time\3.0.4.RELEASE\thymeleaf-extras-java8time-3.0.4.RELEASE.jar;d:\Workspace\repository\org\springframework\boot\spring-boot-starter-web\2.7.0\spring-boot-starter-web-2.7.0.jar;d:\Workspace\repository\org\springframework\boot\spring-boot-starter-json\2.7.0\spring-boot-starter-json-2.7.0.jar;d:\Workspace\repository\com\fasterxml\jackson\core\jackson-databind\2.13.3\jackson-databind-2.13.3.jar;d:\Workspace\repository\com\fasterxml\jackson\core\jackson-annotations\2.13.3\jackson-annotations-2.13.3.jar;d:\Workspace\repository\com\fasterxml\jackson\core\jackson-core\2.13.3\jackson-core-2.13.3.jar;d:\Workspace\repository\com\fasterxml\jackson\datatype\jackson-datatype-jdk8\2.13.3\jackson-datatype-jdk8-2.13.3.jar;d:\Workspace\repository\com\fasterxml\jackson\datatype\jackson-datatype-jsr310\2.13.3\jackson-datatype-jsr310-2.13.3.jar;d:\Workspace\repository\com\fasterxml\jackson\module\jackson-module-parameter-names\2.13.3\jackson-module-parameter-names-2.13.3.jar;d:\Workspace\repository\org\springframework\boot\spring-boot-starter-tomcat\2.7.0\spring-boot-starter-tomcat-2.7.0.jar;d:\Workspace\repository\org\apache\tomcat\embed\tomcat-embed-core\9.0.63\tomcat-embed-core-9.0.63.jar;d:\Workspace\repository\org\apache\tomcat\embed\tomcat-embed-el\9.0.63\tomcat-embed-el-9.0.63.jar;d:\Workspace\repository\org\apache\tomcat\embed\tomcat-embed-websocket\9.0.63\tomcat-embed-websocket-9.0.63.jar;d:\Workspace\repository\org\springframework\spring-web\5.3.20\spring-web-5.3.20.jar;d:\Workspace\repository\org\springframework\spring-webmvc\5.3.20\spring-webmvc-5.3.20.jar;d:\Workspace\repository\org\springframework\spring-aop\5.3.20\spring-aop-5.3.20.jar;d:\Workspace\repository\org\springframework\spring-context\5.3.20\spring-context-5.3.20.jar;d:\Workspace\repository\org\springframework\spring-expression\5.3.20\spring-expression-5.3.20.jar;d:\Workspace\repository\org\mybatis\spring\boot\mybatis-spring-boot-starter\2.2.2\mybatis-spring-boot-starter-2.2.2.jar;d:\Workspace\repository\org\mybatis\spring\boot\mybatis-spring-boot-autoconfigure\2.2.2\mybatis-spring-boot-autoconfigure-2.2.2.jar;d:\Workspace\repository\org\mybatis\mybatis\3.5.9\mybatis-3.5.9.jar;d:\Workspace\repository\org\mybatis\mybatis-spring\2.0.7\mybatis-spring-2.0.7.jar;d:\Workspace\repository\mysql\mysql-connector-java\8.0.29\mysql-connector-java-8.0.29.jar;d:\Workspace\repository\com\alibaba\druid\1.1.6\druid-1.1.6.jar;d:\Workspace\repository\org\projectlombok\lombok\1.18.24\lombok-1.18.24.jar;d:\Workspace\repository\org\springframework\boot\spring-boot-starter-log4j2\2.7.0\spring-boot-starter-log4j2-2.7.0.jar;d:\Workspace\repository\org\apache\logging\log4j\log4j-slf4j-impl\2.17.2\log4j-slf4j-impl-2.17.2.jar;d:\Workspace\repository\org\apache\logging\log4j\log4j-api\2.17.2\log4j-api-2.17.2.jar;d:\Workspace\repository\org\apache\logging\log4j\log4j-core\2.17.2\log4j-core-2.17.2.jar;d:\Workspace\repository\org\apache\logging\log4j\log4j-jul\2.17.2\log4j-jul-2.17.2.jar;d:\Workspace\repository\org\slf4j\jul-to-slf4j\1.7.36\jul-to-slf4j-1.7.36.jar;d:\Workspace\repository\org\springframework\boot\spring-boot-starter-test\2.7.0\spring-boot-starter-test-2.7.0.jar;d:\Workspace\repository\org\springframework\boot\spring-boot-test\2.7.0\spring-boot-test-2.7.0.jar;d:\Workspace\repository\org\springframework\boot\spring-boot-test-autoconfigure\2.7.0\spring-boot-test-autoconfigure-2.7.0.jar;d:\Workspace\repository\com\jayway\jsonpath\json-path\2.7.0\json-path-2.7.0.jar;d:\Workspace\repository\net\minidev\json-smart\2.4.8\json-smart-2.4.8.jar;d:\Workspace\repository\net\minidev\accessors-smart\2.4.8\accessors-smart-2.4.8.jar;d:\Workspace\repository\org\ow2\asm\asm\9.1\asm-9.1.jar;d:\Workspace\repository\jakarta\xml\bind\jakarta.xml.bind-api\2.3.3\jakarta.xml.bind-api-2.3.3.jar;d:\Workspace\repository\jakarta\activation\jakarta.activation-api\1.2.2\jakarta.activation-api-1.2.2.jar;d:\Workspace\repository\org\assertj\assertj-core\3.22.0\assertj-core-3.22.0.jar;d:\Workspace\repository\org\hamcrest\hamcrest\2.2\hamcrest-2.2.jar;d:\Workspace\repository\org\junit\jupiter\junit-jupiter\5.8.2\junit-jupiter-5.8.2.jar;d:\Workspace\repository\org\junit\jupiter\junit-jupiter-api\5.8.2\junit-jupiter-api-5.8.2.jar;d:\Workspace\repository\org\opentest4j\opentest4j\1.2.0\opentest4j-1.2.0.jar;d:\Workspace\repository\org\junit\platform\junit-platform-commons\1.8.2\junit-platform-commons-1.8.2.jar;d:\Workspace\repository\org\apiguardian\apiguardian-api\1.1.2\apiguardian-api-1.1.2.jar;d:\Workspace\repository\org\junit\jupiter\junit-jupiter-params\5.8.2\junit-jupiter-params-5.8.2.jar;d:\Workspace\repository\org\junit\jupiter\junit-jupiter-engine\5.8.2\junit-jupiter-engine-5.8.2.jar;d:\Workspace\repository\org\junit\platform\junit-platform-engine\1.8.2\junit-platform-engine-1.8.2.jar;d:\Workspace\repository\org\mockito\mockito-core\4.5.1\mockito-core-4.5.1.jar;d:\Workspace\repository\net\bytebuddy\byte-buddy\1.12.10\byte-buddy-1.12.10.jar;d:\Workspace\repository\net\bytebuddy\byte-buddy-agent\1.12.10\byte-buddy-agent-1.12.10.jar;d:\Workspace\repository\org\objenesis\objenesis\3.2\objenesis-3.2.jar;d:\Workspace\repository\org\mockito\mockito-junit-jupiter\4.5.1\mockito-junit-jupiter-4.5.1.jar;d:\Workspace\repository\org\skyscreamer\jsonassert\1.5.0\jsonassert-1.5.0.jar;d:\Workspace\repository\com\vaadin\external\google\android-json\0.0.20131108.vaadin1\android-json-0.0.20131108.vaadin1.jar;d:\Workspace\repository\org\springframework\spring-core\5.3.20\spring-core-5.3.20.jar;d:\Workspace\repository\org\springframework\spring-jcl\5.3.20\spring-jcl-5.3.20.jar;d:\Workspace\repository\org\springframework\spring-test\5.3.20\spring-test-5.3.20.jar;d:\Workspace\repository\org\xmlunit\xmlunit-core\2.9.0\xmlunit-core-2.9.0.jar;"/>
    <property name="sun.cpu.endian" value="little"/>
    <property name="user.home" value="C:\Users\ljh"/>
    <property name="user.language" value="zh"/>
    <property name="java.specification.vendor" value="Oracle Corporation"/>
    <property name="java.version.date" value="2023-08-22"/>
    <property name="java.home" value="D:\Work\Java\JDK"/>
    <property name="file.separator" value="\"/>
    <property name="basedir" value="D:\Workspace\springboot\supermarket"/>
    <property name="java.vm.compressedOopsMode" value="Zero based"/>
    <property name="line.separator" value="&#10;"/>
    <property name="java.vm.specification.vendor" value="Oracle Corporation"/>
    <property name="java.specification.name" value="Java Platform API Specification"/>
    <property name="surefire.real.class.path" value="C:\Users\ljh\AppData\Local\Temp\surefire12095326976249514989\surefirebooter4418865476608545536.jar"/>
    <property name="user.script" value=""/>
    <property name="sun.management.compiler" value="HotSpot 64-Bit Tiered Compilers"/>
    <property name="java.runtime.version" value="17.0.8.1+8-LTS"/>
    <property name="user.name" value="ljh"/>
    <property name="path.separator" value=";"/>
    <property name="os.version" value="10.0"/>
    <property name="java.runtime.name" value="OpenJDK Runtime Environment"/>
    <property name="file.encoding" value="GBK"/>
    <property name="java.vm.name" value="OpenJDK 64-Bit Server VM"/>
    <property name="java.vendor.version" value="Corretto-17.0.8.8.1"/>
    <property name="localRepository" value="d:\Workspace\repository"/>
    <property name="java.vendor.url.bug" value="https://github.com/corretto/corretto-17/issues/"/>
    <property name="java.io.tmpdir" value="C:\Users\ljh\AppData\Local\Temp\"/>
    <property name="idea.version" value="2023.2.1"/>
    <property name="java.version" value="17.0.8.1"/>
    <property name="user.dir" value="D:\Workspace\springboot\supermarket"/>
    <property name="os.arch" value="amd64"/>
    <property name="java.vm.specification.name" value="Java Virtual Machine Specification"/>
    <property name="sun.os.patch.level" value=""/>
    <property name="native.encoding" value="GBK"/>
    <property name="java.library.path" value="D:\Work\Java\JDK\bin;C:\WINDOWS\Sun\Java\bin;C:\WINDOWS\system32;C:\WINDOWS;D:\Work\Java\JDK17\bin;C:\Program Files\Common Files\Oracle\Java\javapath;D:\Work\VMware\bin\;C:\Program Files (x86)\Common Files\Oracle\Java\javapath;C:\WINDOWS\system32;C:\WINDOWS;C:\WINDOWS\System32\Wbem;C:\WINDOWS\System32\WindowsPowerShell\v1.0\;C:\WINDOWS\System32\OpenSSH\;D:\Work\MySQl\bin\bin;C:\Program Files (x86)\Microsoft VS Code\bin;D:\Work\apache-maven-3.5.4\bin;D:\应用\pcsuite\;C:\Users\ljh\AppData\Local\Microsoft\WindowsApps;;D:\Work\Java\IDEA\IntelliJ IDEA 2023.2.1\bin;;D:\Work\Microsoft VS Code\bin;D:\Work\Pycham\PyCharm 2023.2.1\bin;;."/>
    <property name="java.vm.info" value="mixed mode, sharing"/>
    <property name="java.vendor" value="Amazon.com Inc."/>
    <property name="java.vm.version" value="17.0.8.1+8-LTS"/>
    <property name="sun.io.unicode.encoding" value="UnicodeLittle"/>
    <property name="java.class.version" value="61.0"/>
  </properties>
  <testcase name="testAddOrder" classname="com.baidu.supermarket.TestOrderMapper" time="0.045"/>
</testsuite>